{"D:\\My Learning\\Namaste React\\src\\components\\Contact.js": {"path":"D:\\My Learning\\Namaste React\\src\\components\\Contact.js","statementMap":{"0":{"start":{"line":1,"column":16},"end":{"line":22,"column":1}},"1":{"start":{"line":2,"column":2},"end":{"line":21,"column":4}}},"fnMap":{"0":{"name":"(anonymous_0)","decl":{"start":{"line":1,"column":16},"end":{"line":1,"column":17}},"loc":{"start":{"line":1,"column":22},"end":{"line":22,"column":1}},"line":1}},"branchMap":{},"s":{"0":1,"1":4},"f":{"0":4},"b":{},"_coverageSchema":"1a1c01bbd47fc00a2c39e90264f33305004495a9","hash":"cb1a83a55f06b0215b31039dc7f32a0a83fc68e8"}
,"D:\\My Learning\\Namaste React\\src\\components\\sum.js": {"path":"D:\\My Learning\\Namaste React\\src\\components\\sum.js","statementMap":{"0":{"start":{"line":1,"column":19},"end":{"line":3,"column":1}},"1":{"start":{"line":2,"column":4},"end":{"line":2,"column":15}}},"fnMap":{"0":{"name":"(anonymous_0)","decl":{"start":{"line":1,"column":19},"end":{"line":1,"column":20}},"loc":{"start":{"line":1,"column":28},"end":{"line":3,"column":1}},"line":1}},"branchMap":{},"s":{"0":1,"1":1},"f":{"0":1},"b":{},"_coverageSchema":"1a1c01bbd47fc00a2c39e90264f33305004495a9","hash":"da56bd4f158874dd20772f4d8c9180e7e9665109"}
}
